# nic_rx_tx_hw_ts.log
# device=Solarflare_X2522
# ts_source=HW_NIC
# clock=PTP_GM_UTC
# ptp_offset_ns=+17
# freq_drift_ppb=+0.3

RX_PKT seq=918273 venue=NSE_EQ ts_hw_ns=1765351552005000123
RX_PKT seq=918274 venue=NSE_EQ ts_hw_ns=1765351552005000318
RX_PKT seq=918275 venue=NSE_EQ ts_hw_ns=1765351552005000512
RX_PKT seq=918276 venue=NSE_EQ ts_hw_ns=1765351552005000709
RX_PKT seq=918277 venue=NSE_EQ ts_hw_ns=1765351552005000891
RX_PKT seq=918278 venue=NSE_EQ ts_hw_ns=1765351552005001087
RX_PKT seq=918279 venue=NSE_EQ ts_hw_ns=1765351552005001274
RX_PKT seq=918280 venue=NSE_EQ ts_hw_ns=1765351552005001468
RX_PKT seq=918281 venue=NSE_EQ ts_hw_ns=1765351552005001653
RX_PKT seq=918282 venue=NSE_EQ ts_hw_ns=1765351552005001847

TX_PKT seq=445501 venue=NSE_EQ ts_hw_ns=1765351552005000654
TX_PKT seq=445502 venue=NSE_EQ ts_hw_ns=1765351552005001892
TX_PKT seq=445503 venue=NSE_EQ ts_hw_ns=1765351552005003127

RX_PKT seq=918283 venue=NSE_EQ ts_hw_ns=1765351552005002041
RX_PKT seq=918284 venue=NSE_EQ ts_hw_ns=1765351552005002234
RX_PKT seq=918285 venue=NSE_EQ ts_hw_ns=1765351552005002429
RX_PKT seq=918286 venue=NSE_EQ ts_hw_ns=1765351552005002618
RX_PKT seq=918287 venue=NSE_EQ ts_hw_ns=1765351552005002814

TX_PKT seq=445504 venue=NSE_EQ ts_hw_ns=1765351552005004361
TX_PKT seq=445505 venue=NSE_EQ ts_hw_ns=1765351552005005584

RX_PKT seq=918288 venue=NSE_EQ ts_hw_ns=1765351552005003001
RX_PKT seq=918289 venue=NSE_EQ ts_hw_ns=1765351552005003197
RX_PKT seq=918290 venue=NSE_EQ ts_hw_ns=1765351552005003389
RX_PKT seq=918291 venue=NSE_EQ ts_hw_ns=1765351552005003578
RX_PKT seq=918292 venue=NSE_EQ ts_hw_ns=1765351552005003771
