# strategy_trace.log
# build=commit_91ac3f2
# compiler=gcc-13.2 -O3 -march=native
# cpu=isolated_core=6
# invariant_tsc=true

EVENT RX seq=918273 tsc=83499128374721
EVENT DECISION side=BUY tsc=83499128374912
EVENT SEND seq=445501 tsc=83499128375208

EVENT RX seq=918274 tsc=83499128376534
EVENT RX seq=918275 tsc=83499128378162
EVENT RX seq=918276 tsc=83499128379789
EVENT RX seq=918277 tsc=83499128381401
EVENT RX seq=918278 tsc=83499128383047
EVENT RX seq=918279 tsc=83499128384668
EVENT RX seq=918280 tsc=83499128386312
EVENT RX seq=918281 tsc=83499128387927
EVENT RX seq=918282 tsc=83499128389571

EVENT DECISION side=SELL tsc=83499128390134
EVENT SEND seq=445502 tsc=83499128390621

EVENT RX seq=918283 tsc=83499128391289
EVENT RX seq=918284 tsc=83499128392901
EVENT RX seq=918285 tsc=83499128394534
EVENT RX seq=918286 tsc=83499128396147
EVENT RX seq=918287 tsc=83499128397778

EVENT DECISION side=BUY tsc=83499128398912
EVENT SEND seq=445503 tsc=83499128399407

EVENT RX seq=918288 tsc=83499128400823
EVENT RX seq=918289 tsc=83499128402467
EVENT RX seq=918290 tsc=83499128404089
EVENT RX seq=918291 tsc=83499128405701
EVENT RX seq=918292 tsc=83499128407334

EVENT DECISION side=CANCEL tsc=83499128408521
EVENT SEND seq=445504 tsc=83499128409143

EVENT RX seq=918293 tsc=83499128411567
EVENT RX seq=918294 tsc=83499128413189
EVENT DECISION side=SELL tsc=83499128414723
EVENT SEND seq=445505 tsc=83499128415298
