# SYSTEM VERIFICATION REPORT
# Generated: 2025-12-15 00:55:24
# ============================================

CLOCK SYNCHRONIZATION
----------------------------------------------------------------------
Clock Source:     TSC (Time Stamp Counter)
Verification:     Single-threaded deterministic replay
Drift Tracking:   Not applicable (simulated time)
Precision:        Nanosecond (int64_t)

HARDWARE CONFIGURATION
----------------------------------------------------------------------
NOTE: Backtesting uses simulated execution
Production deployment requires:
  - CPU frequency locked (no turbo boost)
  - NUMA node pinning for memory locality
  - IRQ affinity to isolate trading threads
  - NIC offload disabled for determinism

SOFTWARE CONFIGURATION
----------------------------------------------------------------------
Compiler:         C++17
Optimization:     -O3 -march=native
Threading:        Single-threaded deterministic
Memory:           Stack-allocated (no dynamic allocation in hot path)

DETERMINISM GUARANTEES
----------------------------------------------------------------------
✓ Fixed random seed (configurable)
✓ Sequential event replay (no threading)
✓ Bit-for-bit reproducible across runs
✓ SHA256 checksums for data integrity
✓ Event-by-event audit trail

